  [1m[35m (0.8ms)[0m  [1m[35mCREATE DATABASE "dashoffice_cjr_development" ENCODING = 'unicode'[0m
  ↳ bin/rails:9
  [1m[35m (0.5ms)[0m  [1m[35mCREATE DATABASE "dashoffice_cjr_test" ENCODING = 'unicode'[0m
  ↳ bin/rails:9
Started GET "/" for ::1 at 2019-03-22 10:27:54 -0300
Processing by MainController#index as HTML
  Rendering main/index.html.erb within layouts/application
  Rendered main/index.html.erb within layouts/application (1.8ms)
Completed 200 OK in 1445ms (Views: 1436.4ms | ActiveRecord: 0.0ms)


Started GET "/" for ::1 at 2019-03-22 10:34:28 -0300
Processing by MainController#index as HTML
  Rendering main/index.html.erb within layouts/application
  Rendered main/index.html.erb within layouts/application (0.4ms)
Completed 200 OK in 3140ms (Views: 3133.6ms | ActiveRecord: 0.0ms)


Started GET "/" for ::1 at 2019-03-22 11:02:27 -0300
Processing by MainController#index as HTML
  Rendering main/index.html.erb within layouts/application
  Rendered main/index.html.erb within layouts/application (4048.7ms)
Completed 200 OK in 4224ms (Views: 4217.6ms | ActiveRecord: 0.0ms)


Started GET "/" for ::1 at 2019-03-22 11:05:45 -0300
Processing by MainController#index as HTML
  Rendering main/index.html.erb within layouts/application
  Rendered main/index.html.erb within layouts/application (349.3ms)
Completed 200 OK in 449ms (Views: 442.3ms | ActiveRecord: 0.0ms)


Started GET "/" for ::1 at 2019-03-22 14:22:04 -0300
Processing by MainController#index as HTML
  Rendering main/index.html.erb within layouts/application
  Rendered main/index.html.erb within layouts/application (15.6ms)
Completed 200 OK in 129ms (Views: 128.3ms | ActiveRecord: 0.0ms)


Started GET "/" for ::1 at 2019-03-29 00:22:16 -0300
Processing by MainController#index as HTML
  Rendering main/index.html.erb within layouts/application
  Rendered main/index.html.erb within layouts/application (356.0ms)
Completed 200 OK in 482ms (Views: 473.3ms | ActiveRecord: 0.0ms)


Started GET "/img/header-bg.jpg" for ::1 at 2019-03-29 00:22:18 -0300
  
ActionController::RoutingError (No route matches [GET] "/img/header-bg.jpg"):
  
actionpack (5.2.2.1) lib/action_dispatch/middleware/debug_exceptions.rb:65:in `call'
web-console (3.7.0) lib/web_console/middleware.rb:135:in `call_app'
web-console (3.7.0) lib/web_console/middleware.rb:30:in `block in call'
web-console (3.7.0) lib/web_console/middleware.rb:20:in `catch'
web-console (3.7.0) lib/web_console/middleware.rb:20:in `call'
actionpack (5.2.2.1) lib/action_dispatch/middleware/show_exceptions.rb:33:in `call'
railties (5.2.2.1) lib/rails/rack/logger.rb:38:in `call_app'
railties (5.2.2.1) lib/rails/rack/logger.rb:26:in `block in call'
activesupport (5.2.2.1) lib/active_support/tagged_logging.rb:71:in `block in tagged'
activesupport (5.2.2.1) lib/active_support/tagged_logging.rb:28:in `tagged'
activesupport (5.2.2.1) lib/active_support/tagged_logging.rb:71:in `tagged'
railties (5.2.2.1) lib/rails/rack/logger.rb:26:in `call'
sprockets-rails (3.2.1) lib/sprockets/rails/quiet_assets.rb:13:in `call'
actionpack (5.2.2.1) lib/action_dispatch/middleware/remote_ip.rb:81:in `call'
actionpack (5.2.2.1) lib/action_dispatch/middleware/request_id.rb:27:in `call'
rack (2.0.6) lib/rack/method_override.rb:22:in `call'
rack (2.0.6) lib/rack/runtime.rb:22:in `call'
activesupport (5.2.2.1) lib/active_support/cache/strategy/local_cache_middleware.rb:29:in `call'
actionpack (5.2.2.1) lib/action_dispatch/middleware/executor.rb:14:in `call'
actionpack (5.2.2.1) lib/action_dispatch/middleware/static.rb:127:in `call'
rack (2.0.6) lib/rack/sendfile.rb:111:in `call'
railties (5.2.2.1) lib/rails/engine.rb:524:in `call'
puma (3.12.1) lib/puma/configuration.rb:227:in `call'
puma (3.12.1) lib/puma/server.rb:660:in `handle_request'
puma (3.12.1) lib/puma/server.rb:474:in `process_client'
puma (3.12.1) lib/puma/server.rb:334:in `block in run'
puma (3.12.1) lib/puma/thread_pool.rb:135:in `block in spawn_thread'
Started GET "/" for ::1 at 2019-03-29 00:24:23 -0300
Processing by MainController#index as HTML
  Rendering main/index.html.erb within layouts/application
  Rendered main/index.html.erb within layouts/application (424.1ms)
Completed 500 Internal Server Error in 433ms (ActiveRecord: 0.0ms)


  
ActionView::Template::Error (undefined method `assets_path' for #<#<Class:0x00007f9e433913c0>:0x00007f9e4339ae70>
Did you mean?  asset_path):
    40: 			<!-- End Header Area -->
    41: 
    42: 			<!-- start banner Area -->
    43: 			<section class="banner-area relative" id="home" data-parallax="scroll" data-image-src="<%= assets_path "img/header-bg.jpg" %>">
    44: 				<div class="overlay-bg overlay"></div>
    45: 				<div class="container">
    46: 					<div class="row fullscreen">
  
app/views/main/index.html.erb:43:in `_app_views_main_index_html_erb___4385106098863450709_70158854688820'
Started GET "/" for ::1 at 2019-03-29 00:24:27 -0300
Processing by MainController#index as HTML
  Rendering main/index.html.erb within layouts/application
  Rendered main/index.html.erb within layouts/application (101.8ms)
Completed 500 Internal Server Error in 104ms (ActiveRecord: 0.0ms)


  
ActionView::Template::Error (undefined method `assets_path' for #<#<Class:0x00007f9e433913c0>:0x00007f9e433891c0>
Did you mean?  asset_path):
    40: 			<!-- End Header Area -->
    41: 
    42: 			<!-- start banner Area -->
    43: 			<section class="banner-area relative" id="home" data-parallax="scroll" data-image-src="<%= assets_path "img/header-bg.jpg" %>">
    44: 				<div class="overlay-bg overlay"></div>
    45: 				<div class="container">
    46: 					<div class="row fullscreen">
  
app/views/main/index.html.erb:43:in `_app_views_main_index_html_erb___4385106098863450709_70158854625760'
Started GET "/" for ::1 at 2019-03-29 00:27:37 -0300
Processing by MainController#index as HTML
  Rendering main/index.html.erb within layouts/application
  Rendered main/index.html.erb within layouts/application (318.6ms)
Completed 200 OK in 418ms (Views: 411.3ms | ActiveRecord: 0.0ms)


